{
  "stats": {
    "suites": 1,
    "tests": 1,
    "passes": 0,
    "pending": 0,
    "failures": 1,
    "start": "2026-05-27T05:25:50.819Z",
    "end": "2026-05-27T05:25:56.946Z",
    "duration": 6127,
    "testsRegistered": 1,
    "passPercent": 0,
    "pendingPercent": 0,
    "other": 0,
    "hasOther": false,
    "skipped": 0,
    "hasSkipped": false
  },
  "results": [
    {
      "uuid": "ba88366b-40bf-429d-a32d-ba4fbf6888b7",
      "title": "",
      "fullFile": "cypress\\e2e\\garage\\addCar.cy.js",
      "file": "cypress\\e2e\\garage\\addCar.cy.js",
      "beforeHooks": [],
      "afterHooks": [],
      "tests": [],
      "suites": [
        {
          "uuid": "1df3d48a-18d0-4c6e-9561-e1f87ea49355",
          "title": "Add car",
          "fullFile": "",
          "file": "",
          "beforeHooks": [],
          "afterHooks": [],
          "tests": [
            {
              "title": "should add new car",
              "fullTitle": "Add car should add new car",
              "timedOut": null,
              "duration": 4000,
              "state": "failed",
              "speed": null,
              "pass": false,
              "fail": true,
              "pending": false,
              "context": null,
              "code": "_GaragePage.default.addCar(\"Audi\", \"TT\", \"100\");\n_GaragePage.default.verifyCarAdded(\"TT\");",
              "err": {
                "message": "TypeError: _GaragePage.default.addCar is not a function",
                "estack": "TypeError: _GaragePage.default.addCar is not a function\n    at Context.eval (webpack://aqa-cypress/./cypress/e2e/garage/addCar.cy.js:9:15)\n    at runnable.fn (https://qauto.forstudy.space/__cypress/runner/cypress_runner.js:146755:19)\n    at callFn (https://qauto.forstudy.space/__cypress/runner/cypress_runner.js:165952:21)\n    at Runnable.run (https://qauto.forstudy.space/__cypress/runner/cypress_runner.js:165939:7)\n    at <unknown> (https://qauto.forstudy.space/__cypress/runner/cypress_runner.js:172036:30)\n    at PassThroughHandlerContext.finallyHandler (https://qauto.forstudy.space/__cypress/runner/cypress_runner.js:4042:23)\n    at PassThroughHandlerContext.tryCatcher (https://qauto.forstudy.space/__cypress/runner/cypress_runner.js:1777:23)\n    at Promise._settlePromiseFromHandler (https://qauto.forstudy.space/__cypress/runner/cypress_runner.js:1489:31)\n    at Promise._settlePromise (https://qauto.forstudy.space/__cypress/runner/cypress_runner.js:1546:18)",
                "diff": null
              },
              "uuid": "c296bde8-dc1f-46fa-b62e-d23da1dadcc5",
              "parentUUID": "1df3d48a-18d0-4c6e-9561-e1f87ea49355",
              "isHook": false,
              "skipped": false
            }
          ],
          "suites": [],
          "passes": [],
          "failures": [
            "c296bde8-dc1f-46fa-b62e-d23da1dadcc5"
          ],
          "pending": [],
          "skipped": [],
          "duration": 4000,
          "root": false,
          "rootEmpty": false,
          "_timeout": 2000
        }
      ],
      "passes": [],
      "failures": [],
      "pending": [],
      "skipped": [],
      "duration": 0,
      "root": true,
      "rootEmpty": true,
      "_timeout": 2000
    }
  ],
  "meta": {
    "mocha": {
      "version": "7.2.0"
    },
    "mochawesome": {
      "options": {
        "quiet": false,
        "reportFilename": "mochawesome",
        "saveHtml": true,
        "saveJson": true,
        "consoleReporter": "spec",
        "useInlineDiffs": false,
        "code": true
      },
      "version": "7.1.4"
    },
    "marge": {
      "options": {
        "reportDir": "cypress/reports",
        "overwrite": false,
        "html": true,
        "json": true
      },
      "version": "6.3.2"
    }
  }
}