{
  "stats": {
    "suites": 1,
    "tests": 1,
    "passes": 0,
    "pending": 0,
    "failures": 1,
    "start": "2026-05-27T05:14:33.236Z",
    "end": "2026-05-27T05:14:34.031Z",
    "duration": 795,
    "testsRegistered": 1,
    "passPercent": 0,
    "pendingPercent": 0,
    "other": 0,
    "hasOther": false,
    "skipped": 0,
    "hasSkipped": false
  },
  "results": [
    {
      "uuid": "22336e1c-e17b-4c18-be98-41ac3443d324",
      "title": "",
      "fullFile": "cypress\\e2e\\garage\\addCar.cy.js",
      "file": "cypress\\e2e\\garage\\addCar.cy.js",
      "beforeHooks": [],
      "afterHooks": [],
      "tests": [],
      "suites": [
        {
          "uuid": "94c41ecd-fe70-498a-b9dc-ce6592716bbf",
          "title": "Add car",
          "fullFile": "",
          "file": "",
          "beforeHooks": [],
          "afterHooks": [],
          "tests": [
            {
              "title": "should add new car",
              "fullTitle": "Add car should add new car",
              "timedOut": null,
              "duration": 738,
              "state": "failed",
              "speed": null,
              "pass": false,
              "fail": true,
              "pending": false,
              "context": null,
              "code": "_GaragePage.default.addCar(\"Audi\", \"TT\", \"100\");\n_GaragePage.default.verifyCarAdded(\"TT\");",
              "err": {
                "message": "CypressError: `cy.visit()` failed trying to load:\n\nhttps://qauto.forstudy.space/\n\nThe response we received from your web server was:\n\n  > 401: Unauthorized\n\nThis was considered a failure because the status code was not `2xx`.\n\nIf you do not want status codes to cause failures pass the option: `failOnStatusCode: false`\n\nBecause this error occurred during a `before each` hook we are skipping the remaining tests in the current suite: `Add car`",
                "estack": "CypressError: `cy.visit()` failed trying to load:\n\nhttps://qauto.forstudy.space/\n\nThe response we received from your web server was:\n\n  > 401: Unauthorized\n\nThis was considered a failure because the status code was not `2xx`.\n\nIf you do not want status codes to cause failures pass the option: `failOnStatusCode: false`\n\nBecause this error occurred during a `before each` hook we are skipping the remaining tests in the current suite: `Add car`\n    at <unknown> (http://localhost:57878/__cypress/runner/cypress_runner.js:135291:76)\n    at visitFailedByErr (http://localhost:57878/__cypress/runner/cypress_runner.js:134881:12)\n    at <unknown> (http://localhost:57878/__cypress/runner/cypress_runner.js:135274:13)\n    at tryCatcher (http://localhost:57878/__cypress/runner/cypress_runner.js:1777:23)\n    at Promise._settlePromiseFromHandler (http://localhost:57878/__cypress/runner/cypress_runner.js:1489:31)\n    at Promise._settlePromise (http://localhost:57878/__cypress/runner/cypress_runner.js:1546:18)\n    at Promise._settlePromise0 (http://localhost:57878/__cypress/runner/cypress_runner.js:1591:10)\n    at Promise._settlePromises (http://localhost:57878/__cypress/runner/cypress_runner.js:1667:18)\n    at _drainQueueStep (http://localhost:57878/__cypress/runner/cypress_runner.js:2377:12)\n    at _drainQueue (http://localhost:57878/__cypress/runner/cypress_runner.js:2370:9)\n    at Async._drainQueues (http://localhost:57878/__cypress/runner/cypress_runner.js:2386:5)\n    at Async.drainQueues (http://localhost:57878/__cypress/runner/cypress_runner.js:2256:14)\nFrom Your Spec Code:\n    at Context.eval (webpack://aqa-cypress/./cypress/support/commands.js:2:5)\n    at wrapped (http://localhost:57878/__cypress/runner/cypress_runner.js:146474:43)",
                "diff": null
              },
              "uuid": "b9a52b50-050e-4b56-a4d0-5e43ac7d4ec0",
              "parentUUID": "94c41ecd-fe70-498a-b9dc-ce6592716bbf",
              "isHook": false,
              "skipped": false
            }
          ],
          "suites": [],
          "passes": [],
          "failures": [
            "b9a52b50-050e-4b56-a4d0-5e43ac7d4ec0"
          ],
          "pending": [],
          "skipped": [],
          "duration": 738,
          "root": false,
          "rootEmpty": false,
          "_timeout": 2000
        }
      ],
      "passes": [],
      "failures": [],
      "pending": [],
      "skipped": [],
      "duration": 0,
      "root": true,
      "rootEmpty": true,
      "_timeout": 2000
    }
  ],
  "meta": {
    "mocha": {
      "version": "7.2.0"
    },
    "mochawesome": {
      "options": {
        "quiet": false,
        "reportFilename": "mochawesome",
        "saveHtml": true,
        "saveJson": true,
        "consoleReporter": "spec",
        "useInlineDiffs": false,
        "code": true
      },
      "version": "7.1.4"
    },
    "marge": {
      "options": {
        "reportDir": "cypress/reports",
        "overwrite": false,
        "html": true,
        "json": true
      },
      "version": "6.3.2"
    }
  }
}