{
  "stats": {
    "suites": 1,
    "tests": 1,
    "passes": 0,
    "pending": 0,
    "failures": 1,
    "start": "2026-05-27T05:11:28.116Z",
    "end": "2026-05-27T05:11:29.665Z",
    "duration": 1549,
    "testsRegistered": 1,
    "passPercent": 0,
    "pendingPercent": 0,
    "other": 0,
    "hasOther": false,
    "skipped": 0,
    "hasSkipped": false
  },
  "results": [
    {
      "uuid": "1d6e19a7-ec6d-4688-9722-4f391bd662b9",
      "title": "",
      "fullFile": "cypress\\e2e\\garage\\addCar.cy.js",
      "file": "cypress\\e2e\\garage\\addCar.cy.js",
      "beforeHooks": [],
      "afterHooks": [],
      "tests": [],
      "suites": [
        {
          "uuid": "521a30c3-58a0-45ed-aa60-7c57442a42c6",
          "title": "Add car",
          "fullFile": "",
          "file": "",
          "beforeHooks": [],
          "afterHooks": [],
          "tests": [
            {
              "title": "should add new car",
              "fullTitle": "Add car should add new car",
              "timedOut": null,
              "duration": 1094,
              "state": "failed",
              "speed": null,
              "pass": false,
              "fail": true,
              "pending": false,
              "context": null,
              "code": "_GaragePage.default.addCar(\"Audi\", \"TT\", \"100\");\n_GaragePage.default.verifyCarAdded(\"TT\");",
              "err": {
                "message": "TypeError: cy.login is not a function\n\nBecause this error occurred during a `before each` hook we are skipping the remaining tests in the current suite: `Add car`",
                "estack": "TypeError: cy.login is not a function\n\nBecause this error occurred during a `before each` hook we are skipping the remaining tests in the current suite: `Add car`\n    at Context.eval (webpack://aqa-cypress/./cypress/e2e/garage/addCar.cy.js:5:7)\n    at runnable.fn (http://localhost:55922/__cypress/runner/cypress_runner.js:146755:19)\n    at callFn (http://localhost:55922/__cypress/runner/cypress_runner.js:165952:21)\n    at Runnable.run (http://localhost:55922/__cypress/runner/cypress_runner.js:165939:7)\n    at <unknown> (http://localhost:55922/__cypress/runner/cypress_runner.js:172036:30)\n    at PassThroughHandlerContext.finallyHandler (http://localhost:55922/__cypress/runner/cypress_runner.js:4042:23)\n    at PassThroughHandlerContext.tryCatcher (http://localhost:55922/__cypress/runner/cypress_runner.js:1777:23)\n    at Promise._settlePromiseFromHandler (http://localhost:55922/__cypress/runner/cypress_runner.js:1489:31)\n    at Promise._settlePromise (http://localhost:55922/__cypress/runner/cypress_runner.js:1546:18)",
                "diff": null
              },
              "uuid": "9721f418-68a3-40e8-8587-e316e0c61da4",
              "parentUUID": "521a30c3-58a0-45ed-aa60-7c57442a42c6",
              "isHook": false,
              "skipped": false
            }
          ],
          "suites": [],
          "passes": [],
          "failures": [
            "9721f418-68a3-40e8-8587-e316e0c61da4"
          ],
          "pending": [],
          "skipped": [],
          "duration": 1094,
          "root": false,
          "rootEmpty": false,
          "_timeout": 2000
        }
      ],
      "passes": [],
      "failures": [],
      "pending": [],
      "skipped": [],
      "duration": 0,
      "root": true,
      "rootEmpty": true,
      "_timeout": 2000
    }
  ],
  "meta": {
    "mocha": {
      "version": "7.2.0"
    },
    "mochawesome": {
      "options": {
        "quiet": false,
        "reportFilename": "mochawesome",
        "saveHtml": true,
        "saveJson": true,
        "consoleReporter": "spec",
        "useInlineDiffs": false,
        "code": true
      },
      "version": "7.1.4"
    },
    "marge": {
      "options": {
        "reportDir": "cypress/reports",
        "overwrite": false,
        "html": true,
        "json": true
      },
      "version": "6.3.2"
    }
  }
}