{
  "stats": {
    "suites": 1,
    "tests": 1,
    "passes": 0,
    "pending": 0,
    "failures": 1,
    "start": "2026-05-27T05:27:13.339Z",
    "end": "2026-05-27T05:27:25.942Z",
    "duration": 12603,
    "testsRegistered": 1,
    "passPercent": 0,
    "pendingPercent": 0,
    "other": 0,
    "hasOther": false,
    "skipped": 0,
    "hasSkipped": false
  },
  "results": [
    {
      "uuid": "f5f5e5c1-77fb-4e8f-8a6d-7c2991b06fc3",
      "title": "",
      "fullFile": "cypress\\e2e\\garage\\addCar.cy.js",
      "file": "cypress\\e2e\\garage\\addCar.cy.js",
      "beforeHooks": [],
      "afterHooks": [],
      "tests": [],
      "suites": [
        {
          "uuid": "b6e193c9-f9a6-4151-83fe-5b9376574dce",
          "title": "Add car",
          "fullFile": "",
          "file": "",
          "beforeHooks": [],
          "afterHooks": [],
          "tests": [
            {
              "title": "should add new car",
              "fullTitle": "Add car should add new car",
              "timedOut": null,
              "duration": 10529,
              "state": "failed",
              "speed": null,
              "pass": false,
              "fail": true,
              "pending": false,
              "context": null,
              "code": "_GaragePage.default.addCar(\"Audi\", \"TT\", \"100\");\n_GaragePage.default.verifyCarAdded(\"TT\");",
              "err": {
                "message": "CypressError: Timed out retrying after 4050ms: `cy.click()` failed because this element:\n\n`<button _ngcontent-gfg-c90=\"\" class=\"btn btn-primary\">Add car</button>`\n\nis being covered by another element:\n\n`<ngb-modal-window role=\"dialog\" tabindex=\"-1\" aria-modal=\"true\" class=\"d-block modal fade show\">...</ngb-modal-window>`\n\nFix this problem, or use {force: true} to disable error checking.\n\nhttps://on.cypress.io/element-cannot-be-interacted-with",
                "estack": "CypressError: Timed out retrying after 4050ms: `cy.click()` failed because this element:\n\n`<button _ngcontent-gfg-c90=\"\" class=\"btn btn-primary\">Add car</button>`\n\nis being covered by another element:\n\n`<ngb-modal-window role=\"dialog\" tabindex=\"-1\" aria-modal=\"true\" class=\"d-block modal fade show\">...</ngb-modal-window>`\n\nFix this problem, or use {force: true} to disable error checking.\n\nhttps://on.cypress.io/element-cannot-be-interacted-with\n    at ensureIsDescendent (https://qauto.forstudy.space/__cypress/runner/cypress_runner.js:115290:68)\n    at ensureDescendents (https://qauto.forstudy.space/__cypress/runner/cypress_runner.js:115341:5)\n    at ensureDescendentsAndScroll (https://qauto.forstudy.space/__cypress/runner/cypress_runner.js:115347:14)\n    at ensureElIsNotCovered (https://qauto.forstudy.space/__cypress/runner/cypress_runner.js:115478:5)\n    at runAllChecks (https://qauto.forstudy.space/__cypress/runner/cypress_runner.js:115677:52)\n    at retryActionability (https://qauto.forstudy.space/__cypress/runner/cypress_runner.js:115714:16)\n    at tryCatcher (https://qauto.forstudy.space/__cypress/runner/cypress_runner.js:1777:23)\n    at Promise.attempt.Promise.try (https://qauto.forstudy.space/__cypress/runner/cypress_runner.js:4285:29)\n    at whenStable (https://qauto.forstudy.space/__cypress/runner/cypress_runner.js:152237:70)\n    at <unknown> (https://qauto.forstudy.space/__cypress/runner/cypress_runner.js:152152:14)\n    at tryCatcher (https://qauto.forstudy.space/__cypress/runner/cypress_runner.js:1777:23)\n    at Promise._settlePromiseFromHandler (https://qauto.forstudy.space/__cypress/runner/cypress_runner.js:1489:31)\n    at Promise._settlePromise (https://qauto.forstudy.space/__cypress/runner/cypress_runner.js:1546:18)\n    at Promise._settlePromise0 (https://qauto.forstudy.space/__cypress/runner/cypress_runner.js:1591:10)\n    at Promise._settlePromises (https://qauto.forstudy.space/__cypress/runner/cypress_runner.js:1671:18)\n    at Promise._fulfill (https://qauto.forstudy.space/__cypress/runner/cypress_runner.js:1615:18)\n    at <unknown> (https://qauto.forstudy.space/__cypress/runner/cypress_runner.js:5420:46)\nFrom Your Spec Code:\n    at Object.proxyGetter [as get] (https://qauto.forstudy.space/__cypress/runner/cypress_runner.js:81302:22)\n    at exists (https://qauto.forstudy.space/__cypress/runner/cypress_runner.js:151366:26)\n    at elExists (https://qauto.forstudy.space/__cypress/runner/cypress_runner.js:151381:10)\n    at ensureExistence (https://qauto.forstudy.space/__cypress/runner/cypress_runner.js:151562:22)\n    at onFailFn (https://qauto.forstudy.space/__cypress/runner/cypress_runner.js:151591:53)",
                "diff": null
              },
              "uuid": "13552848-8582-4dd5-8272-0aedaf9f5c4e",
              "parentUUID": "b6e193c9-f9a6-4151-83fe-5b9376574dce",
              "isHook": false,
              "skipped": false
            }
          ],
          "suites": [],
          "passes": [],
          "failures": [
            "13552848-8582-4dd5-8272-0aedaf9f5c4e"
          ],
          "pending": [],
          "skipped": [],
          "duration": 10529,
          "root": false,
          "rootEmpty": false,
          "_timeout": 2000
        }
      ],
      "passes": [],
      "failures": [],
      "pending": [],
      "skipped": [],
      "duration": 0,
      "root": true,
      "rootEmpty": true,
      "_timeout": 2000
    }
  ],
  "meta": {
    "mocha": {
      "version": "7.2.0"
    },
    "mochawesome": {
      "options": {
        "quiet": false,
        "reportFilename": "mochawesome",
        "saveHtml": true,
        "saveJson": true,
        "consoleReporter": "spec",
        "useInlineDiffs": false,
        "code": true
      },
      "version": "7.1.4"
    },
    "marge": {
      "options": {
        "reportDir": "cypress/reports",
        "overwrite": false,
        "html": true,
        "json": true
      },
      "version": "6.3.2"
    }
  }
}