{
  "stats": {
    "suites": 1,
    "tests": 1,
    "passes": 1,
    "pending": 0,
    "failures": 0,
    "start": "2026-05-27T05:31:38.565Z",
    "end": "2026-05-27T05:31:45.527Z",
    "duration": 6962,
    "testsRegistered": 1,
    "passPercent": 100,
    "pendingPercent": 0,
    "other": 0,
    "hasOther": false,
    "skipped": 0,
    "hasSkipped": false
  },
  "results": [
    {
      "uuid": "7ada1caf-afbf-4f1f-b2ad-a940d95f5dfe",
      "title": "",
      "fullFile": "cypress\\e2e\\garage\\addCar.cy.js",
      "file": "cypress\\e2e\\garage\\addCar.cy.js",
      "beforeHooks": [],
      "afterHooks": [],
      "tests": [],
      "suites": [
        {
          "uuid": "e26116d9-6816-4936-b9a0-0213e8a78882",
          "title": "Add car",
          "fullFile": "",
          "file": "",
          "beforeHooks": [],
          "afterHooks": [],
          "tests": [
            {
              "title": "should add new car",
              "fullTitle": "Add car should add new car",
              "timedOut": null,
              "duration": 4677,
              "state": "passed",
              "speed": "fast",
              "pass": true,
              "fail": false,
              "pending": false,
              "context": null,
              "code": "_GaragePage.default.addCar(\"Audi\", \"TT\", \"100\");\n_GaragePage.default.verifyCarAdded(\"TT\");",
              "err": {},
              "uuid": "63f3ca8a-e56c-43b0-a9a6-ef528e2463fb",
              "parentUUID": "e26116d9-6816-4936-b9a0-0213e8a78882",
              "isHook": false,
              "skipped": false
            }
          ],
          "suites": [],
          "passes": [
            "63f3ca8a-e56c-43b0-a9a6-ef528e2463fb"
          ],
          "failures": [],
          "pending": [],
          "skipped": [],
          "duration": 4677,
          "root": false,
          "rootEmpty": false,
          "_timeout": 2000
        }
      ],
      "passes": [],
      "failures": [],
      "pending": [],
      "skipped": [],
      "duration": 0,
      "root": true,
      "rootEmpty": true,
      "_timeout": 2000
    }
  ],
  "meta": {
    "mocha": {
      "version": "7.2.0"
    },
    "mochawesome": {
      "options": {
        "quiet": false,
        "reportFilename": "mochawesome",
        "saveHtml": true,
        "saveJson": true,
        "consoleReporter": "spec",
        "useInlineDiffs": false,
        "code": true
      },
      "version": "7.1.4"
    },
    "marge": {
      "options": {
        "reportDir": "cypress/reports",
        "overwrite": false,
        "html": true,
        "json": true
      },
      "version": "6.3.2"
    }
  }
}