{
  "stats": {
    "suites": 1,
    "tests": 1,
    "passes": 1,
    "pending": 0,
    "failures": 0,
    "start": "2026-05-27T05:35:11.718Z",
    "end": "2026-05-27T05:35:18.449Z",
    "duration": 6731,
    "testsRegistered": 1,
    "passPercent": 100,
    "pendingPercent": 0,
    "other": 0,
    "hasOther": false,
    "skipped": 0,
    "hasSkipped": false
  },
  "results": [
    {
      "uuid": "0a7d0c9f-e261-4fc0-827a-e1554bc61409",
      "title": "",
      "fullFile": "cypress\\e2e\\garage\\addCar.cy.js",
      "file": "cypress\\e2e\\garage\\addCar.cy.js",
      "beforeHooks": [],
      "afterHooks": [],
      "tests": [],
      "suites": [
        {
          "uuid": "c1a8dd42-d343-49dd-b8e5-8a5e02ff6d62",
          "title": "Add car",
          "fullFile": "",
          "file": "",
          "beforeHooks": [],
          "afterHooks": [],
          "tests": [
            {
              "title": "should add new car",
              "fullTitle": "Add car should add new car",
              "timedOut": null,
              "duration": 4580,
              "state": "passed",
              "speed": "fast",
              "pass": true,
              "fail": false,
              "pending": false,
              "context": null,
              "code": "_GaragePage.default.addCar(\"Audi\", \"TT\", \"100\");\n_GaragePage.default.verifyCarAdded(\"TT\");",
              "err": {},
              "uuid": "9067a9b4-f130-4c3a-bf0a-5de5b46fc4cb",
              "parentUUID": "c1a8dd42-d343-49dd-b8e5-8a5e02ff6d62",
              "isHook": false,
              "skipped": false
            }
          ],
          "suites": [],
          "passes": [
            "9067a9b4-f130-4c3a-bf0a-5de5b46fc4cb"
          ],
          "failures": [],
          "pending": [],
          "skipped": [],
          "duration": 4580,
          "root": false,
          "rootEmpty": false,
          "_timeout": 2000
        }
      ],
      "passes": [],
      "failures": [],
      "pending": [],
      "skipped": [],
      "duration": 0,
      "root": true,
      "rootEmpty": true,
      "_timeout": 2000
    }
  ],
  "meta": {
    "mocha": {
      "version": "7.2.0"
    },
    "mochawesome": {
      "options": {
        "quiet": false,
        "reportFilename": "mochawesome",
        "saveHtml": true,
        "saveJson": true,
        "consoleReporter": "spec",
        "useInlineDiffs": false,
        "code": true
      },
      "version": "7.1.4"
    },
    "marge": {
      "options": {
        "reportDir": "cypress/reports",
        "overwrite": false,
        "html": true,
        "json": true
      },
      "version": "6.3.2"
    }
  }
}